# JRE version: OpenJDK Runtime Environment (21.0.5) (build 21.0.5+-13047016-b750.29)
# Java VM: OpenJDK 64-Bit Server VM (21.0.5+-13047016-b750.29, mixed mode, tiered, compressed oops, compressed class ptrs, g1 gc, windows-amd64)
GC Precious Log:
 CardTable entry size: 512
 Card Set container configuration: InlinePtr #cards 5 size 8 Array Of Cards #cards 12 size 40 Howl #buckets 4 coarsen threshold 1843 Howl Bitmap #cards 512 size 80 coarsen threshold 460 Card regions per heap region 1 cards per card region 2048
 CPUs: 12 total, 12 available
 Memory: 16318M
 Large Page Support: Disabled
 NUMA Support: Disabled
 Compressed Oops: Enabled (32-bit)
 Heap Region Size: 1M
 Heap Min Capacity: 8M
 Heap Initial Capacity: 256M
 Heap Max Capacity: 2G
 Pre-touch: Disabled
 Parallel Workers: 10
 Concurrent Workers: 3
 Concurrent Refinement Workers: 10
 Periodic GC: Disabled
Heap:
 garbage-first heap   total 157696K, used 102055K [0x0000000080000000, 0x0000000100000000)
  region size 1024K, 24 young (24576K), 8 survivors (8192K)
 Metaspace       used 106488K, committed 108608K, reserved 1179648K
  class space    used 14367K, committed 15424K, reserved 1048576K
GC Heap History (20 events):
Event: 8.540 GC heap before
{Heap before GC invocations=24 (full 0):
 garbage-first heap   total 107520K, used 89572K [0x0000000080000000, 0x0000000100000000)
  region size 1024K, 30 young (30720K), 3 survivors (3072K)
 Metaspace       used 76758K, committed 78528K, reserved 1179648K
  class space    used 10275K, committed 11200K, reserved 1048576K
}
Event: 8.543 GC heap after
{Heap after GC invocations=25 (full 0):
 garbage-first heap   total 107520K, used 64226K [0x0000000080000000, 0x0000000100000000)
  region size 1024K, 2 young (2048K), 2 survivors (2048K)
 Metaspace       used 76758K, committed 78528K, reserved 1179648K
  class space    used 10275K, committed 11200K, reserved 1048576K
}
Event: 8.957 GC heap before
{Heap before GC invocations=25 (full 0):
 garbage-first heap   total 107520K, used 102114K [0x0000000080000000, 0x0000000100000000)
  region size 1024K, 35 young (35840K), 2 survivors (2048K)
 Metaspace       used 79421K, committed 81280K, reserved 1179648K
  class space    used 10653K, committed 11584K, reserved 1048576K
}
Event: 8.962 GC heap after
{Heap after GC invocations=26 (full 0):
 garbage-first heap   total 112640K, used 68669K [0x0000000080000000, 0x0000000100000000)
  region size 1024K, 5 young (5120K), 5 survivors (5120K)
 Metaspace       used 79421K, committed 81280K, reserved 1179648K
  class space    used 10653K, committed 11584K, reserved 1048576K
}
Event: 9.331 GC heap before
{Heap before GC invocations=26 (full 0):
 garbage-first heap   total 112640K, used 100413K [0x0000000080000000, 0x0000000100000000)
  region size 1024K, 36 young (36864K), 5 survivors (5120K)
 Metaspace       used 81885K, committed 83712K, reserved 1179648K
  class space    used 10942K, committed 11840K, reserved 1048576K
}
Event: 9.335 GC heap after
{Heap after GC invocations=27 (full 0):
 garbage-first heap   total 112640K, used 70992K [0x0000000080000000, 0x0000000100000000)
  region size 1024K, 3 young (3072K), 3 survivors (3072K)
 Metaspace       used 81885K, committed 83712K, reserved 1179648K
  class space    used 10942K, committed 11840K, reserved 1048576K
}
Event: 9.734 GC heap before
{Heap before GC invocations=28 (full 0):
 garbage-first heap   total 121856K, used 100688K [0x0000000080000000, 0x0000000100000000)
  region size 1024K, 32 young (32768K), 3 survivors (3072K)
 Metaspace       used 84008K, committed 85888K, reserved 1179648K
  class space    used 11213K, committed 12160K, reserved 1048576K
}
Event: 9.737 GC heap after
{Heap after GC invocations=29 (full 0):
 garbage-first heap   total 121856K, used 74221K [0x0000000080000000, 0x0000000100000000)
  region size 1024K, 4 young (4096K), 4 survivors (4096K)
 Metaspace       used 84008K, committed 85888K, reserved 1179648K
  class space    used 11213K, committed 12160K, reserved 1048576K
}
Event: 10.188 GC heap before
{Heap before GC invocations=29 (full 0):
 garbage-first heap   total 121856K, used 109037K [0x0000000080000000, 0x0000000100000000)
  region size 1024K, 39 young (39936K), 4 survivors (4096K)
 Metaspace       used 86651K, committed 88512K, reserved 1179648K
  class space    used 11560K, committed 12480K, reserved 1048576K
}
Event: 10.193 GC heap after
{Heap after GC invocations=30 (full 0):
 garbage-first heap   total 121856K, used 75452K [0x0000000080000000, 0x0000000100000000)
  region size 1024K, 2 young (2048K), 2 survivors (2048K)
 Metaspace       used 86651K, committed 88512K, reserved 1179648K
  class space    used 11560K, committed 12480K, reserved 1048576K
}
Event: 10.345 GC heap before
{Heap before GC invocations=30 (full 0):
 garbage-first heap   total 121856K, used 84668K [0x0000000080000000, 0x0000000100000000)
  region size 1024K, 12 young (12288K), 2 survivors (2048K)
 Metaspace       used 87363K, committed 89280K, reserved 1179648K
  class space    used 11659K, committed 12608K, reserved 1048576K
}
Event: 10.347 GC heap after
{Heap after GC invocations=31 (full 0):
 garbage-first heap   total 121856K, used 75826K [0x0000000080000000, 0x0000000100000000)
  region size 1024K, 3 young (3072K), 3 survivors (3072K)
 Metaspace       used 87363K, committed 89280K, reserved 1179648K
  class space    used 11659K, committed 12608K, reserved 1048576K
}
Event: 10.861 GC heap before
{Heap before GC invocations=32 (full 0):
 garbage-first heap   total 130048K, used 111666K [0x0000000080000000, 0x0000000100000000)
  region size 1024K, 37 young (37888K), 3 survivors (3072K)
 Metaspace       used 90096K, committed 92032K, reserved 1179648K
  class space    used 12133K, committed 13056K, reserved 1048576K
}
Event: 10.863 GC heap after
{Heap after GC invocations=33 (full 0):
 garbage-first heap   total 156672K, used 76608K [0x0000000080000000, 0x0000000100000000)
  region size 1024K, 4 young (4096K), 4 survivors (4096K)
 Metaspace       used 90096K, committed 92032K, reserved 1179648K
  class space    used 12133K, committed 13056K, reserved 1048576K
}
Event: 11.662 GC heap before
{Heap before GC invocations=33 (full 0):
 garbage-first heap   total 156672K, used 142144K [0x0000000080000000, 0x0000000100000000)
  region size 1024K, 68 young (69632K), 4 survivors (4096K)
 Metaspace       used 95551K, committed 97536K, reserved 1179648K
  class space    used 12968K, committed 13952K, reserved 1048576K
}
Event: 11.666 GC heap after
{Heap after GC invocations=34 (full 0):
 garbage-first heap   total 156672K, used 78936K [0x0000000080000000, 0x0000000100000000)
  region size 1024K, 7 young (7168K), 7 survivors (7168K)
 Metaspace       used 95551K, committed 97536K, reserved 1179648K
  class space    used 12968K, committed 13952K, reserved 1048576K
}
Event: 12.361 GC heap before
{Heap before GC invocations=34 (full 0):
 garbage-first heap   total 156672K, used 139352K [0x0000000080000000, 0x0000000100000000)
  region size 1024K, 66 young (67584K), 7 survivors (7168K)
 Metaspace       used 101080K, committed 103168K, reserved 1179648K
  class space    used 13751K, committed 14784K, reserved 1048576K
}
Event: 12.366 GC heap after
{Heap after GC invocations=35 (full 0):
 garbage-first heap   total 156672K, used 81874K [0x0000000080000000, 0x0000000100000000)
  region size 1024K, 8 young (8192K), 8 survivors (8192K)
 Metaspace       used 101080K, committed 103168K, reserved 1179648K
  class space    used 13751K, committed 14784K, reserved 1048576K
}
Event: 13.329 GC heap before
{Heap before GC invocations=36 (full 0):
 garbage-first heap   total 156672K, used 142290K [0x0000000080000000, 0x0000000100000000)
  region size 1024K, 63 young (64512K), 8 survivors (8192K)
 Metaspace       used 105137K, committed 107264K, reserved 1179648K
  class space    used 14181K, committed 15232K, reserved 1048576K
}
Event: 13.338 GC heap after
{Heap after GC invocations=37 (full 0):
 garbage-first heap   total 157696K, used 87719K [0x0000000080000000, 0x0000000100000000)
  region size 1024K, 8 young (8192K), 8 survivors (8192K)
 Metaspace       used 105137K, committed 107264K, reserved 1179648K
  class space    used 14181K, committed 15232K, reserved 1048576K
}

