# JRE version: OpenJDK Runtime Environment (21.0.5) (build 21.0.5+-13047016-b750.29)
# Java VM: OpenJDK 64-Bit Server VM (21.0.5+-13047016-b750.29, mixed mode, tiered, compressed oops, compressed class ptrs, g1 gc, windows-amd64)
GC Precious Log:
 CardTable entry size: 512
 Card Set container configuration: InlinePtr #cards 5 size 8 Array Of Cards #cards 12 size 40 Howl #buckets 4 coarsen threshold 1843 Howl Bitmap #cards 512 size 80 coarsen threshold 460 Card regions per heap region 1 cards per card region 2048
 CPUs: 12 total, 12 available
 Memory: 16318M
 Large Page Support: Disabled
 NUMA Support: Disabled
 Compressed Oops: Enabled (32-bit)
 Heap Region Size: 1M
 Heap Min Capacity: 8M
 Heap Initial Capacity: 256M
 Heap Max Capacity: 2G
 Pre-touch: Disabled
 Parallel Workers: 10
 Concurrent Workers: 3
 Concurrent Refinement Workers: 10
 Periodic GC: Disabled
Heap:
 garbage-first heap   total 109568K, used 70990K [0x0000000080000000, 0x0000000100000000)
  region size 1024K, 12 young (12288K), 2 survivors (2048K)
 Metaspace       used 74829K, committed 76544K, reserved 1179648K
  class space    used 9961K, committed 10816K, reserved 1048576K
GC Heap History (20 events):
Event: 4.915 GC heap before
{Heap before GC invocations=10 (full 0):
 garbage-first heap   total 83968K, used 70109K [0x0000000080000000, 0x0000000100000000)
  region size 1024K, 47 young (48128K), 6 survivors (6144K)
 Metaspace       used 46683K, committed 47872K, reserved 1114112K
  class space    used 6235K, committed 6848K, reserved 1048576K
}
Event: 4.920 GC heap after
{Heap after GC invocations=11 (full 0):
 garbage-first heap   total 83968K, used 32260K [0x0000000080000000, 0x0000000100000000)
  region size 1024K, 6 young (6144K), 6 survivors (6144K)
 Metaspace       used 46683K, committed 47872K, reserved 1114112K
  class space    used 6235K, committed 6848K, reserved 1048576K
}
Event: 5.199 GC heap before
{Heap before GC invocations=11 (full 0):
 garbage-first heap   total 83968K, used 72196K [0x0000000080000000, 0x0000000100000000)
  region size 1024K, 45 young (46080K), 6 survivors (6144K)
 Metaspace       used 49079K, committed 50496K, reserved 1114112K
  class space    used 6623K, committed 7296K, reserved 1048576K
}
Event: 5.202 GC heap after
{Heap after GC invocations=12 (full 0):
 garbage-first heap   total 83968K, used 35173K [0x0000000080000000, 0x0000000100000000)
  region size 1024K, 3 young (3072K), 3 survivors (3072K)
 Metaspace       used 49079K, committed 50496K, reserved 1114112K
  class space    used 6623K, committed 7296K, reserved 1048576K
}
Event: 5.653 GC heap before
{Heap before GC invocations=12 (full 0):
 garbage-first heap   total 83968K, used 74085K [0x0000000080000000, 0x0000000100000000)
  region size 1024K, 40 young (40960K), 3 survivors (3072K)
 Metaspace       used 54602K, committed 56064K, reserved 1114112K
  class space    used 7347K, committed 8064K, reserved 1048576K
}
Event: 5.655 GC heap after
{Heap after GC invocations=13 (full 0):
 garbage-first heap   total 101376K, used 36086K [0x0000000080000000, 0x0000000100000000)
  region size 1024K, 4 young (4096K), 4 survivors (4096K)
 Metaspace       used 54602K, committed 56064K, reserved 1114112K
  class space    used 7347K, committed 8064K, reserved 1048576K
}
Event: 5.999 GC heap before
{Heap before GC invocations=13 (full 0):
 garbage-first heap   total 101376K, used 66806K [0x0000000080000000, 0x0000000100000000)
  region size 1024K, 35 young (35840K), 4 survivors (4096K)
 Metaspace       used 58946K, committed 60416K, reserved 1114112K
  class space    used 7960K, committed 8704K, reserved 1048576K
}
Event: 6.002 GC heap after
{Heap after GC invocations=14 (full 0):
 garbage-first heap   total 101376K, used 37601K [0x0000000080000000, 0x0000000100000000)
  region size 1024K, 6 young (6144K), 6 survivors (6144K)
 Metaspace       used 58946K, committed 60416K, reserved 1114112K
  class space    used 7960K, committed 8704K, reserved 1048576K
}
Event: 6.680 GC heap before
{Heap before GC invocations=15 (full 0):
 garbage-first heap   total 101376K, used 87777K [0x0000000080000000, 0x0000000100000000)
  region size 1024K, 55 young (56320K), 6 survivors (6144K)
 Metaspace       used 65044K, committed 66688K, reserved 1114112K
  class space    used 8909K, committed 9728K, reserved 1048576K
}
Event: 6.684 GC heap after
{Heap after GC invocations=16 (full 0):
 garbage-first heap   total 101376K, used 41763K [0x0000000080000000, 0x0000000100000000)
  region size 1024K, 7 young (7168K), 7 survivors (7168K)
 Metaspace       used 65044K, committed 66688K, reserved 1114112K
  class space    used 8909K, committed 9728K, reserved 1048576K
}
Event: 7.126 GC heap before
{Heap before GC invocations=16 (full 0):
 garbage-first heap   total 101376K, used 86819K [0x0000000080000000, 0x0000000100000000)
  region size 1024K, 52 young (53248K), 7 survivors (7168K)
 Metaspace       used 66286K, committed 67904K, reserved 1114112K
  class space    used 9045K, committed 9856K, reserved 1048576K
}
Event: 7.132 GC heap after
{Heap after GC invocations=17 (full 0):
 garbage-first heap   total 101376K, used 45294K [0x0000000080000000, 0x0000000100000000)
  region size 1024K, 6 young (6144K), 6 survivors (6144K)
 Metaspace       used 66286K, committed 67904K, reserved 1114112K
  class space    used 9045K, committed 9856K, reserved 1048576K
}
Event: 7.335 GC heap before
{Heap before GC invocations=17 (full 0):
 garbage-first heap   total 101376K, used 87278K [0x0000000080000000, 0x0000000100000000)
  region size 1024K, 48 young (49152K), 6 survivors (6144K)
 Metaspace       used 66576K, committed 68288K, reserved 1114112K
  class space    used 9045K, committed 9856K, reserved 1048576K
}
Event: 7.339 GC heap after
{Heap after GC invocations=18 (full 0):
 garbage-first heap   total 101376K, used 47115K [0x0000000080000000, 0x0000000100000000)
  region size 1024K, 4 young (4096K), 4 survivors (4096K)
 Metaspace       used 66576K, committed 68288K, reserved 1114112K
  class space    used 9045K, committed 9856K, reserved 1048576K
}
Event: 7.595 GC heap before
{Heap before GC invocations=18 (full 0):
 garbage-first heap   total 101376K, used 83979K [0x0000000080000000, 0x0000000100000000)
  region size 1024K, 42 young (43008K), 4 survivors (4096K)
 Metaspace       used 66886K, committed 68544K, reserved 1114112K
  class space    used 9083K, committed 9856K, reserved 1048576K
}
Event: 7.598 GC heap after
{Heap after GC invocations=19 (full 0):
 garbage-first heap   total 101376K, used 48674K [0x0000000080000000, 0x0000000100000000)
  region size 1024K, 4 young (4096K), 4 survivors (4096K)
 Metaspace       used 66886K, committed 68544K, reserved 1114112K
  class space    used 9083K, committed 9856K, reserved 1048576K
}
Event: 8.323 GC heap before
{Heap before GC invocations=20 (full 0):
 garbage-first heap   total 101376K, used 96802K [0x0000000080000000, 0x0000000100000000)
  region size 1024K, 45 young (46080K), 4 survivors (4096K)
 Metaspace       used 69772K, committed 71488K, reserved 1114112K
  class space    used 9470K, committed 10368K, reserved 1048576K
}
Event: 8.327 GC heap after
{Heap after GC invocations=21 (full 0):
 garbage-first heap   total 109568K, used 61727K [0x0000000080000000, 0x0000000100000000)
  region size 1024K, 6 young (6144K), 6 survivors (6144K)
 Metaspace       used 69772K, committed 71488K, reserved 1114112K
  class space    used 9470K, committed 10368K, reserved 1048576K
}
Event: 8.773 GC heap before
{Heap before GC invocations=21 (full 0):
 garbage-first heap   total 109568K, used 95519K [0x0000000080000000, 0x0000000100000000)
  region size 1024K, 40 young (40960K), 6 survivors (6144K)
 Metaspace       used 73580K, committed 75328K, reserved 1114112K
  class space    used 9873K, committed 10752K, reserved 1048576K
}
Event: 8.775 GC heap after
{Heap after GC invocations=22 (full 0):
 garbage-first heap   total 109568K, used 61774K [0x0000000080000000, 0x0000000100000000)
  region size 1024K, 2 young (2048K), 2 survivors (2048K)
 Metaspace       used 73580K, committed 75328K, reserved 1114112K
  class space    used 9873K, committed 10752K, reserved 1048576K
}

